2024-11-14 18:35:13 INFO  a.k.orders.OnlineStoreApplication - Starting OnlineStoreApplication using Java 17.0.11 with PID 16916 (D:\javaProjects\KafkaProject\Orders\target\classes started by Andrey in D:\javaProjects\KafkaProject\Orders)
2024-11-14 18:35:13 INFO  a.k.orders.OnlineStoreApplication - No active profile set, falling back to 1 default profile: "default"
2024-11-14 18:43:31 INFO  a.k.orders.OnlineStoreApplication - Starting OnlineStoreApplication using Java 17.0.11 with PID 11268 (D:\javaProjects\KafkaProject\Orders\target\classes started by Andrey in D:\javaProjects\KafkaProject\Orders)
2024-11-14 18:43:31 INFO  a.k.orders.OnlineStoreApplication - No active profile set, falling back to 1 default profile: "default"
2024-11-14 18:48:21 INFO  a.k.orders.OnlineStoreApplication - Starting OnlineStoreApplication using Java 17.0.11 with PID 16476 (D:\javaProjects\KafkaProject\Orders\target\classes started by Andrey in D:\javaProjects\KafkaProject\Orders)
2024-11-14 18:48:21 INFO  a.k.orders.OnlineStoreApplication - No active profile set, falling back to 1 default profile: "default"
2024-11-14 18:48:24 INFO  a.k.orders.OnlineStoreApplication - Started OnlineStoreApplication in 3.887 seconds (process running for 4.358)
2024-11-14 18:49:02 INFO  a.k.o.controller.StoreController - Creating product ProductDTO(productIdDTO=null, nameDTO=Продукт F, descriptionDTO=Описание продукта F, priceDTO=1222.75, quantityInStockDTO=11)
2024-11-14 18:49:02 INFO  a.k.orders.service.ProductService - Create product: ProductDTO(productIdDTO=null, nameDTO=Продукт F, descriptionDTO=Описание продукта F, priceDTO=1222.75, quantityInStockDTO=11)
2024-11-14 18:49:03 INFO  a.k.o.controller.StoreController - Creating product ProductDTO(productIdDTO=null, nameDTO=Продукт F, descriptionDTO=Описание продукта F, priceDTO=1222.75, quantityInStockDTO=11)
2024-11-14 18:49:03 INFO  a.k.orders.service.ProductService - Create product: ProductDTO(productIdDTO=null, nameDTO=Продукт F, descriptionDTO=Описание продукта F, priceDTO=1222.75, quantityInStockDTO=11)
2024-11-14 18:49:04 INFO  a.k.o.controller.StoreController - Creating product ProductDTO(productIdDTO=null, nameDTO=Продукт F, descriptionDTO=Описание продукта F, priceDTO=1222.75, quantityInStockDTO=11)
2024-11-14 18:49:04 INFO  a.k.orders.service.ProductService - Create product: ProductDTO(productIdDTO=null, nameDTO=Продукт F, descriptionDTO=Описание продукта F, priceDTO=1222.75, quantityInStockDTO=11)
2024-11-14 18:49:04 INFO  a.k.o.controller.StoreController - Creating product ProductDTO(productIdDTO=null, nameDTO=Продукт F, descriptionDTO=Описание продукта F, priceDTO=1222.75, quantityInStockDTO=11)
2024-11-14 18:49:04 INFO  a.k.orders.service.ProductService - Create product: ProductDTO(productIdDTO=null, nameDTO=Продукт F, descriptionDTO=Описание продукта F, priceDTO=1222.75, quantityInStockDTO=11)
2024-11-14 18:49:07 INFO  a.k.o.controller.StoreController - Creating order OrderDTO(orderIdDTO=null, shippingAddressDTO=123 Main St, Anytown, USA, totalPriceDTO=null, orderStatusDTO=Processing, productsDTO=[ProductDTO(productIdDTO=1, nameDTO=null, descriptionDTO=null, priceDTO=null, quantityInStockDTO=null), ProductDTO(productIdDTO=2, nameDTO=null, descriptionDTO=null, priceDTO=null, quantityInStockDTO=null), ProductDTO(productIdDTO=3, nameDTO=null, descriptionDTO=null, priceDTO=null, quantityInStockDTO=null), ProductDTO(productIdDTO=4, nameDTO=null, descriptionDTO=null, priceDTO=null, quantityInStockDTO=null)], customerDTO=CustomerDTO(customerIdDTO=null, firstNameDTO=John, lastNameDTO=Doe, emailDTO=john.doe@example.com, phoneDTO=+1234567890), paymentStatusDTO=false, customerId=null)
2024-11-14 18:49:07 INFO  a.k.orders.service.OrderService - Order created: Order(customer=Customer(customerId=1, firstName=John, lastName=Doe, email=john.doe@example.com, phone=+1234567890), orderId=null, orderDate=null, shippingAddress=123 Main St, Anytown, USA, totalPrice=4891.00, orderStatus=Processing, paymentStatus=false, products=[Product(order=null, productId=1, name=Продукт F, description=Описание продукта F, price=1222.75, quantityInStock=11), Product(order=null, productId=2, name=Продукт F, description=Описание продукта F, price=1222.75, quantityInStock=11), Product(order=null, productId=3, name=Продукт F, description=Описание продукта F, price=1222.75, quantityInStock=11), Product(order=null, productId=4, name=Продукт F, description=Описание продукта F, price=1222.75, quantityInStock=11)])
2024-11-14 18:49:10 ERROR a.k.o.e.GlobalExceptionHandler - Failed to construct kafka producer
2024-11-14 18:54:53 INFO  a.k.orders.OnlineStoreApplication - Starting OnlineStoreApplication using Java 17.0.11 with PID 8824 (D:\javaProjects\KafkaProject\Orders\target\classes started by Andrey in D:\javaProjects\KafkaProject\Orders)
2024-11-14 18:54:53 INFO  a.k.orders.OnlineStoreApplication - No active profile set, falling back to 1 default profile: "default"
2024-11-14 18:55:09 INFO  a.k.orders.OnlineStoreApplication - Starting OnlineStoreApplication using Java 17.0.11 with PID 16708 (D:\javaProjects\KafkaProject\Orders\target\classes started by Andrey in D:\javaProjects\KafkaProject\Orders)
2024-11-14 18:55:09 INFO  a.k.orders.OnlineStoreApplication - No active profile set, falling back to 1 default profile: "default"
2024-11-14 18:55:29 INFO  a.k.orders.OnlineStoreApplication - Starting OnlineStoreApplication using Java 17.0.11 with PID 12340 (D:\javaProjects\KafkaProject\Orders\target\classes started by Andrey in D:\javaProjects\KafkaProject\Orders)
2024-11-14 18:55:29 INFO  a.k.orders.OnlineStoreApplication - No active profile set, falling back to 1 default profile: "default"
2024-11-14 18:56:02 INFO  a.k.orders.OnlineStoreApplication - Starting OnlineStoreApplication using Java 17.0.11 with PID 5620 (D:\javaProjects\KafkaProject\Orders\target\classes started by Andrey in D:\javaProjects\KafkaProject\Orders)
2024-11-14 18:56:02 INFO  a.k.orders.OnlineStoreApplication - No active profile set, falling back to 1 default profile: "default"
2024-11-14 18:57:08 INFO  a.k.orders.OnlineStoreApplication - Starting OnlineStoreApplication using Java 17.0.11 with PID 11168 (D:\javaProjects\KafkaProject\Orders\target\classes started by Andrey in D:\javaProjects\KafkaProject\Orders)
2024-11-14 18:57:08 INFO  a.k.orders.OnlineStoreApplication - No active profile set, falling back to 1 default profile: "default"
2024-11-14 18:57:12 INFO  a.k.orders.OnlineStoreApplication - Started OnlineStoreApplication in 4.111 seconds (process running for 4.57)
2024-11-14 18:57:47 INFO  a.k.o.controller.StoreController - Creating product ProductDTO(productIdDTO=null, nameDTO=Продукт F, descriptionDTO=Описание продукта F, priceDTO=1222.75, quantityInStockDTO=11)
2024-11-14 18:57:47 INFO  a.k.orders.service.ProductService - Create product: ProductDTO(productIdDTO=null, nameDTO=Продукт F, descriptionDTO=Описание продукта F, priceDTO=1222.75, quantityInStockDTO=11)
2024-11-14 18:57:48 INFO  a.k.o.controller.StoreController - Creating product ProductDTO(productIdDTO=null, nameDTO=Продукт F, descriptionDTO=Описание продукта F, priceDTO=1222.75, quantityInStockDTO=11)
2024-11-14 18:57:48 INFO  a.k.orders.service.ProductService - Create product: ProductDTO(productIdDTO=null, nameDTO=Продукт F, descriptionDTO=Описание продукта F, priceDTO=1222.75, quantityInStockDTO=11)
2024-11-14 18:57:48 INFO  a.k.o.controller.StoreController - Creating product ProductDTO(productIdDTO=null, nameDTO=Продукт F, descriptionDTO=Описание продукта F, priceDTO=1222.75, quantityInStockDTO=11)
2024-11-14 18:57:48 INFO  a.k.orders.service.ProductService - Create product: ProductDTO(productIdDTO=null, nameDTO=Продукт F, descriptionDTO=Описание продукта F, priceDTO=1222.75, quantityInStockDTO=11)
2024-11-14 18:57:49 INFO  a.k.o.controller.StoreController - Creating product ProductDTO(productIdDTO=null, nameDTO=Продукт F, descriptionDTO=Описание продукта F, priceDTO=1222.75, quantityInStockDTO=11)
2024-11-14 18:57:49 INFO  a.k.orders.service.ProductService - Create product: ProductDTO(productIdDTO=null, nameDTO=Продукт F, descriptionDTO=Описание продукта F, priceDTO=1222.75, quantityInStockDTO=11)
2024-11-14 18:57:51 INFO  a.k.o.controller.StoreController - Creating order OrderDTO(orderIdDTO=null, shippingAddressDTO=123 Main St, Anytown, USA, totalPriceDTO=null, orderStatusDTO=Processing, productsDTO=[ProductDTO(productIdDTO=1, nameDTO=null, descriptionDTO=null, priceDTO=null, quantityInStockDTO=null), ProductDTO(productIdDTO=2, nameDTO=null, descriptionDTO=null, priceDTO=null, quantityInStockDTO=null), ProductDTO(productIdDTO=3, nameDTO=null, descriptionDTO=null, priceDTO=null, quantityInStockDTO=null), ProductDTO(productIdDTO=4, nameDTO=null, descriptionDTO=null, priceDTO=null, quantityInStockDTO=null)], customerDTO=CustomerDTO(customerIdDTO=null, firstNameDTO=John, lastNameDTO=Doe, emailDTO=john.doe@example.com, phoneDTO=+1234567890), paymentStatusDTO=false, customerId=null)
2024-11-14 18:57:51 INFO  a.k.orders.service.OrderService - Order created: Order(customer=Customer(customerId=1, firstName=John, lastName=Doe, email=john.doe@example.com, phone=+1234567890), orderId=null, orderDate=null, shippingAddress=123 Main St, Anytown, USA, totalPrice=4891.00, orderStatus=Processing, paymentStatus=false, products=[Product(order=null, productId=1, name=Продукт F, description=Описание продукта F, price=1222.75, quantityInStock=11), Product(order=null, productId=2, name=Продукт F, description=Описание продукта F, price=1222.75, quantityInStock=11), Product(order=null, productId=3, name=Продукт F, description=Описание продукта F, price=1222.75, quantityInStock=11), Product(order=null, productId=4, name=Продукт F, description=Описание продукта F, price=1222.75, quantityInStock=11)])
2024-11-14 18:57:53 ERROR a.k.o.e.GlobalExceptionHandler - Failed to construct kafka producer
2024-11-14 19:00:27 INFO  a.k.orders.OnlineStoreApplication - Starting OnlineStoreApplication using Java 17.0.11 with PID 9728 (D:\javaProjects\KafkaProject\Orders\target\classes started by Andrey in D:\javaProjects\KafkaProject\Orders)
2024-11-14 19:00:27 INFO  a.k.orders.OnlineStoreApplication - No active profile set, falling back to 1 default profile: "default"
2024-11-14 19:02:26 INFO  a.k.orders.OnlineStoreApplication - Starting OnlineStoreApplication using Java 17.0.11 with PID 14180 (D:\javaProjects\KafkaProject\Orders\target\classes started by Andrey in D:\javaProjects\KafkaProject\Orders)
2024-11-14 19:02:26 INFO  a.k.orders.OnlineStoreApplication - No active profile set, falling back to 1 default profile: "default"
2024-11-14 19:02:29 INFO  a.k.orders.OnlineStoreApplication - Started OnlineStoreApplication in 3.853 seconds (process running for 4.305)
2024-11-14 19:02:41 INFO  a.k.orders.OnlineStoreApplication - Starting OnlineStoreApplication using Java 17.0.11 with PID 15772 (D:\javaProjects\KafkaProject\Orders\target\classes started by Andrey in D:\javaProjects\KafkaProject\Orders)
2024-11-14 19:02:41 INFO  a.k.orders.OnlineStoreApplication - No active profile set, falling back to 1 default profile: "default"
2024-11-14 19:02:45 INFO  a.k.orders.OnlineStoreApplication - Started OnlineStoreApplication in 4.29 seconds (process running for 4.915)
2024-11-14 19:03:29 INFO  a.k.o.controller.StoreController - Creating product ProductDTO(productIdDTO=null, nameDTO=Продукт F, descriptionDTO=Описание продукта F, priceDTO=1222.75, quantityInStockDTO=11)
2024-11-14 19:03:29 INFO  a.k.orders.service.ProductService - Create product: ProductDTO(productIdDTO=null, nameDTO=Продукт F, descriptionDTO=Описание продукта F, priceDTO=1222.75, quantityInStockDTO=11)
2024-11-14 19:03:30 INFO  a.k.o.controller.StoreController - Creating product ProductDTO(productIdDTO=null, nameDTO=Продукт F, descriptionDTO=Описание продукта F, priceDTO=1222.75, quantityInStockDTO=11)
2024-11-14 19:03:30 INFO  a.k.orders.service.ProductService - Create product: ProductDTO(productIdDTO=null, nameDTO=Продукт F, descriptionDTO=Описание продукта F, priceDTO=1222.75, quantityInStockDTO=11)
2024-11-14 19:03:31 INFO  a.k.o.controller.StoreController - Creating product ProductDTO(productIdDTO=null, nameDTO=Продукт F, descriptionDTO=Описание продукта F, priceDTO=1222.75, quantityInStockDTO=11)
2024-11-14 19:03:31 INFO  a.k.orders.service.ProductService - Create product: ProductDTO(productIdDTO=null, nameDTO=Продукт F, descriptionDTO=Описание продукта F, priceDTO=1222.75, quantityInStockDTO=11)
2024-11-14 19:03:32 INFO  a.k.o.controller.StoreController - Creating product ProductDTO(productIdDTO=null, nameDTO=Продукт F, descriptionDTO=Описание продукта F, priceDTO=1222.75, quantityInStockDTO=11)
2024-11-14 19:03:32 INFO  a.k.orders.service.ProductService - Create product: ProductDTO(productIdDTO=null, nameDTO=Продукт F, descriptionDTO=Описание продукта F, priceDTO=1222.75, quantityInStockDTO=11)
2024-11-14 19:03:34 INFO  a.k.o.controller.StoreController - Creating order OrderDTO(orderIdDTO=null, shippingAddressDTO=123 Main St, Anytown, USA, totalPriceDTO=null, orderStatusDTO=Processing, productsDTO=[ProductDTO(productIdDTO=1, nameDTO=null, descriptionDTO=null, priceDTO=null, quantityInStockDTO=null), ProductDTO(productIdDTO=2, nameDTO=null, descriptionDTO=null, priceDTO=null, quantityInStockDTO=null), ProductDTO(productIdDTO=3, nameDTO=null, descriptionDTO=null, priceDTO=null, quantityInStockDTO=null), ProductDTO(productIdDTO=4, nameDTO=null, descriptionDTO=null, priceDTO=null, quantityInStockDTO=null)], customerDTO=CustomerDTO(customerIdDTO=null, firstNameDTO=John, lastNameDTO=Doe, emailDTO=john.doe@example.com, phoneDTO=+1234567890), paymentStatusDTO=false, customerId=null)
2024-11-14 19:03:34 INFO  a.k.orders.service.OrderService - Order created: Order(customer=Customer(customerId=1, firstName=John, lastName=Doe, email=john.doe@example.com, phone=+1234567890), orderId=null, orderDate=null, shippingAddress=123 Main St, Anytown, USA, totalPrice=4891.00, orderStatus=Processing, paymentStatus=false, products=[Product(order=null, productId=1, name=Продукт F, description=Описание продукта F, price=1222.75, quantityInStock=11), Product(order=null, productId=2, name=Продукт F, description=Описание продукта F, price=1222.75, quantityInStock=11), Product(order=null, productId=3, name=Продукт F, description=Описание продукта F, price=1222.75, quantityInStock=11), Product(order=null, productId=4, name=Продукт F, description=Описание продукта F, price=1222.75, quantityInStock=11)])
2024-11-14 19:03:35 INFO  a.k.orders.kafka.KafkaProducer - Order #1 sent successfully
2024-11-14 19:06:59 INFO  a.k.orders.OnlineStoreApplication - Starting OnlineStoreApplication using Java 17.0.11 with PID 10244 (D:\javaProjects\KafkaProject\Orders\target\classes started by Andrey in D:\javaProjects\KafkaProject\Orders)
2024-11-14 19:06:59 INFO  a.k.orders.OnlineStoreApplication - No active profile set, falling back to 1 default profile: "default"
2024-11-14 19:07:02 INFO  a.k.orders.OnlineStoreApplication - Started OnlineStoreApplication in 3.88 seconds (process running for 4.341)
2024-11-14 19:07:11 INFO  a.k.o.controller.StoreController - Creating product ProductDTO(productIdDTO=null, nameDTO=Продукт F, descriptionDTO=Описание продукта F, priceDTO=1222.75, quantityInStockDTO=11)
2024-11-14 19:07:11 INFO  a.k.orders.service.ProductService - Create product: ProductDTO(productIdDTO=null, nameDTO=Продукт F, descriptionDTO=Описание продукта F, priceDTO=1222.75, quantityInStockDTO=11)
2024-11-14 19:07:12 INFO  a.k.o.controller.StoreController - Creating product ProductDTO(productIdDTO=null, nameDTO=Продукт F, descriptionDTO=Описание продукта F, priceDTO=1222.75, quantityInStockDTO=11)
2024-11-14 19:07:12 INFO  a.k.orders.service.ProductService - Create product: ProductDTO(productIdDTO=null, nameDTO=Продукт F, descriptionDTO=Описание продукта F, priceDTO=1222.75, quantityInStockDTO=11)
2024-11-14 19:07:13 INFO  a.k.o.controller.StoreController - Creating product ProductDTO(productIdDTO=null, nameDTO=Продукт F, descriptionDTO=Описание продукта F, priceDTO=1222.75, quantityInStockDTO=11)
2024-11-14 19:07:13 INFO  a.k.orders.service.ProductService - Create product: ProductDTO(productIdDTO=null, nameDTO=Продукт F, descriptionDTO=Описание продукта F, priceDTO=1222.75, quantityInStockDTO=11)
2024-11-14 19:07:13 INFO  a.k.o.controller.StoreController - Creating product ProductDTO(productIdDTO=null, nameDTO=Продукт F, descriptionDTO=Описание продукта F, priceDTO=1222.75, quantityInStockDTO=11)
2024-11-14 19:07:13 INFO  a.k.orders.service.ProductService - Create product: ProductDTO(productIdDTO=null, nameDTO=Продукт F, descriptionDTO=Описание продукта F, priceDTO=1222.75, quantityInStockDTO=11)
2024-11-14 19:07:15 INFO  a.k.o.controller.StoreController - Creating order OrderDTO(orderIdDTO=null, shippingAddressDTO=123 Main St, Anytown, USA, totalPriceDTO=null, orderStatusDTO=Processing, productsDTO=[ProductDTO(productIdDTO=1, nameDTO=null, descriptionDTO=null, priceDTO=null, quantityInStockDTO=null), ProductDTO(productIdDTO=2, nameDTO=null, descriptionDTO=null, priceDTO=null, quantityInStockDTO=null), ProductDTO(productIdDTO=3, nameDTO=null, descriptionDTO=null, priceDTO=null, quantityInStockDTO=null), ProductDTO(productIdDTO=4, nameDTO=null, descriptionDTO=null, priceDTO=null, quantityInStockDTO=null)], customerDTO=CustomerDTO(customerIdDTO=null, firstNameDTO=John, lastNameDTO=Doe, emailDTO=john.doe@example.com, phoneDTO=+1234567890), paymentStatusDTO=false, customerId=null)
2024-11-14 19:07:15 INFO  a.k.orders.service.OrderService - Order created: Order(customer=Customer(customerId=1, firstName=John, lastName=Doe, email=john.doe@example.com, phone=+1234567890), orderId=null, orderDate=null, shippingAddress=123 Main St, Anytown, USA, totalPrice=4891.00, orderStatus=Processing, paymentStatus=false, products=[Product(order=null, productId=1, name=Продукт F, description=Описание продукта F, price=1222.75, quantityInStock=11), Product(order=null, productId=2, name=Продукт F, description=Описание продукта F, price=1222.75, quantityInStock=11), Product(order=null, productId=3, name=Продукт F, description=Описание продукта F, price=1222.75, quantityInStock=11), Product(order=null, productId=4, name=Продукт F, description=Описание продукта F, price=1222.75, quantityInStock=11)])
2024-11-14 19:07:19 INFO  a.k.orders.kafka.KafkaProducer - Order #1 sent successfully
2024-11-14 19:10:51 INFO  a.k.orders.OnlineStoreApplication - Starting OnlineStoreApplication using Java 17.0.11 with PID 15460 (D:\javaProjects\KafkaProject\Orders\target\classes started by Andrey in D:\javaProjects\KafkaProject\Orders)
2024-11-14 19:10:51 INFO  a.k.orders.OnlineStoreApplication - No active profile set, falling back to 1 default profile: "default"
2024-11-14 19:10:57 INFO  a.k.orders.OnlineStoreApplication - Started OnlineStoreApplication in 6.948 seconds (process running for 7.545)
2024-11-14 19:11:10 INFO  a.k.o.controller.StoreController - Creating product ProductDTO(productIdDTO=null, nameDTO=Продукт F, descriptionDTO=Описание продукта F, priceDTO=1222.75, quantityInStockDTO=11)
2024-11-14 19:11:10 INFO  a.k.orders.service.ProductService - Create product: ProductDTO(productIdDTO=null, nameDTO=Продукт F, descriptionDTO=Описание продукта F, priceDTO=1222.75, quantityInStockDTO=11)
2024-11-14 19:11:11 INFO  a.k.o.controller.StoreController - Creating product ProductDTO(productIdDTO=null, nameDTO=Продукт F, descriptionDTO=Описание продукта F, priceDTO=1222.75, quantityInStockDTO=11)
2024-11-14 19:11:11 INFO  a.k.orders.service.ProductService - Create product: ProductDTO(productIdDTO=null, nameDTO=Продукт F, descriptionDTO=Описание продукта F, priceDTO=1222.75, quantityInStockDTO=11)
2024-11-14 19:11:11 INFO  a.k.o.controller.StoreController - Creating product ProductDTO(productIdDTO=null, nameDTO=Продукт F, descriptionDTO=Описание продукта F, priceDTO=1222.75, quantityInStockDTO=11)
2024-11-14 19:11:11 INFO  a.k.orders.service.ProductService - Create product: ProductDTO(productIdDTO=null, nameDTO=Продукт F, descriptionDTO=Описание продукта F, priceDTO=1222.75, quantityInStockDTO=11)
2024-11-14 19:11:12 INFO  a.k.o.controller.StoreController - Creating product ProductDTO(productIdDTO=null, nameDTO=Продукт F, descriptionDTO=Описание продукта F, priceDTO=1222.75, quantityInStockDTO=11)
2024-11-14 19:11:12 INFO  a.k.orders.service.ProductService - Create product: ProductDTO(productIdDTO=null, nameDTO=Продукт F, descriptionDTO=Описание продукта F, priceDTO=1222.75, quantityInStockDTO=11)
2024-11-14 19:11:14 INFO  a.k.o.controller.StoreController - Creating order OrderDTO(orderIdDTO=null, shippingAddressDTO=123 Main St, Anytown, USA, totalPriceDTO=null, orderStatusDTO=Processing, productsDTO=[ProductDTO(productIdDTO=1, nameDTO=null, descriptionDTO=null, priceDTO=null, quantityInStockDTO=null), ProductDTO(productIdDTO=2, nameDTO=null, descriptionDTO=null, priceDTO=null, quantityInStockDTO=null), ProductDTO(productIdDTO=3, nameDTO=null, descriptionDTO=null, priceDTO=null, quantityInStockDTO=null), ProductDTO(productIdDTO=4, nameDTO=null, descriptionDTO=null, priceDTO=null, quantityInStockDTO=null)], customerDTO=CustomerDTO(customerIdDTO=null, firstNameDTO=John, lastNameDTO=Doe, emailDTO=john.doe@example.com, phoneDTO=+1234567890), paymentStatusDTO=false, customerId=null)
2024-11-14 19:11:14 INFO  a.k.orders.service.OrderService - Order created: Order(customer=Customer(customerId=1, firstName=John, lastName=Doe, email=john.doe@example.com, phone=+1234567890), orderId=null, orderDate=null, shippingAddress=123 Main St, Anytown, USA, totalPrice=4891.00, orderStatus=Processing, paymentStatus=false, products=[Product(order=null, productId=1, name=Продукт F, description=Описание продукта F, price=1222.75, quantityInStock=11), Product(order=null, productId=2, name=Продукт F, description=Описание продукта F, price=1222.75, quantityInStock=11), Product(order=null, productId=3, name=Продукт F, description=Описание продукта F, price=1222.75, quantityInStock=11), Product(order=null, productId=4, name=Продукт F, description=Описание продукта F, price=1222.75, quantityInStock=11)])
2024-11-14 19:11:17 INFO  a.k.orders.kafka.KafkaProducer - Order #1 sent successfully
2024-11-14 19:12:53 INFO  a.k.orders.OnlineStoreApplication - Starting OnlineStoreApplication using Java 17.0.11 with PID 13324 (D:\javaProjects\KafkaProject\Orders\target\classes started by Andrey in D:\javaProjects\KafkaProject\Orders)
2024-11-14 19:12:53 INFO  a.k.orders.OnlineStoreApplication - No active profile set, falling back to 1 default profile: "default"
2024-11-14 19:12:56 INFO  a.k.orders.OnlineStoreApplication - Started OnlineStoreApplication in 4.143 seconds (process running for 4.665)
2024-11-14 19:13:02 INFO  a.k.o.controller.StoreController - Creating product ProductDTO(productIdDTO=null, nameDTO=Продукт F, descriptionDTO=Описание продукта F, priceDTO=1222.75, quantityInStockDTO=11)
2024-11-14 19:13:02 INFO  a.k.orders.service.ProductService - Create product: ProductDTO(productIdDTO=null, nameDTO=Продукт F, descriptionDTO=Описание продукта F, priceDTO=1222.75, quantityInStockDTO=11)
2024-11-14 19:13:03 INFO  a.k.o.controller.StoreController - Creating product ProductDTO(productIdDTO=null, nameDTO=Продукт F, descriptionDTO=Описание продукта F, priceDTO=1222.75, quantityInStockDTO=11)
2024-11-14 19:13:03 INFO  a.k.orders.service.ProductService - Create product: ProductDTO(productIdDTO=null, nameDTO=Продукт F, descriptionDTO=Описание продукта F, priceDTO=1222.75, quantityInStockDTO=11)
2024-11-14 19:13:03 INFO  a.k.o.controller.StoreController - Creating product ProductDTO(productIdDTO=null, nameDTO=Продукт F, descriptionDTO=Описание продукта F, priceDTO=1222.75, quantityInStockDTO=11)
2024-11-14 19:13:03 INFO  a.k.orders.service.ProductService - Create product: ProductDTO(productIdDTO=null, nameDTO=Продукт F, descriptionDTO=Описание продукта F, priceDTO=1222.75, quantityInStockDTO=11)
2024-11-14 19:13:04 INFO  a.k.o.controller.StoreController - Creating product ProductDTO(productIdDTO=null, nameDTO=Продукт F, descriptionDTO=Описание продукта F, priceDTO=1222.75, quantityInStockDTO=11)
2024-11-14 19:13:04 INFO  a.k.orders.service.ProductService - Create product: ProductDTO(productIdDTO=null, nameDTO=Продукт F, descriptionDTO=Описание продукта F, priceDTO=1222.75, quantityInStockDTO=11)
2024-11-14 19:13:06 INFO  a.k.o.controller.StoreController - Creating order OrderDTO(orderIdDTO=null, shippingAddressDTO=123 Main St, Anytown, USA, totalPriceDTO=null, orderStatusDTO=Processing, productsDTO=[ProductDTO(productIdDTO=1, nameDTO=null, descriptionDTO=null, priceDTO=null, quantityInStockDTO=null), ProductDTO(productIdDTO=2, nameDTO=null, descriptionDTO=null, priceDTO=null, quantityInStockDTO=null), ProductDTO(productIdDTO=3, nameDTO=null, descriptionDTO=null, priceDTO=null, quantityInStockDTO=null), ProductDTO(productIdDTO=4, nameDTO=null, descriptionDTO=null, priceDTO=null, quantityInStockDTO=null)], customerDTO=CustomerDTO(customerIdDTO=null, firstNameDTO=John, lastNameDTO=Doe, emailDTO=john.doe@example.com, phoneDTO=+1234567890), paymentStatusDTO=false, customerId=null)
2024-11-14 19:13:06 INFO  a.k.orders.service.OrderService - Order created: Order(customer=Customer(customerId=1, firstName=John, lastName=Doe, email=john.doe@example.com, phone=+1234567890), orderId=null, orderDate=null, shippingAddress=123 Main St, Anytown, USA, totalPrice=4891.00, orderStatus=Processing, paymentStatus=false, products=[Product(order=null, productId=1, name=Продукт F, description=Описание продукта F, price=1222.75, quantityInStock=11), Product(order=null, productId=2, name=Продукт F, description=Описание продукта F, price=1222.75, quantityInStock=11), Product(order=null, productId=3, name=Продукт F, description=Описание продукта F, price=1222.75, quantityInStock=11), Product(order=null, productId=4, name=Продукт F, description=Описание продукта F, price=1222.75, quantityInStock=11)])
2024-11-14 19:13:10 INFO  a.k.orders.kafka.KafkaProducer - Order #1 sent successfully
2024-11-14 19:16:53 INFO  a.k.orders.OnlineStoreApplication - Starting OnlineStoreApplication using Java 17.0.11 with PID 16840 (D:\javaProjects\KafkaProject\Orders\target\classes started by Andrey in D:\javaProjects\KafkaProject\Orders)
2024-11-14 19:16:53 INFO  a.k.orders.OnlineStoreApplication - No active profile set, falling back to 1 default profile: "default"
2024-11-14 19:16:57 INFO  a.k.orders.OnlineStoreApplication - Started OnlineStoreApplication in 4.219 seconds (process running for 4.785)
2024-11-14 19:17:03 INFO  a.k.o.controller.StoreController - Creating product ProductDTO(productIdDTO=null, nameDTO=Продукт F, descriptionDTO=Описание продукта F, priceDTO=1222.75, quantityInStockDTO=11)
2024-11-14 19:17:03 INFO  a.k.orders.service.ProductService - Create product: ProductDTO(productIdDTO=null, nameDTO=Продукт F, descriptionDTO=Описание продукта F, priceDTO=1222.75, quantityInStockDTO=11)
2024-11-14 19:17:03 INFO  a.k.o.controller.StoreController - Creating product ProductDTO(productIdDTO=null, nameDTO=Продукт F, descriptionDTO=Описание продукта F, priceDTO=1222.75, quantityInStockDTO=11)
2024-11-14 19:17:03 INFO  a.k.orders.service.ProductService - Create product: ProductDTO(productIdDTO=null, nameDTO=Продукт F, descriptionDTO=Описание продукта F, priceDTO=1222.75, quantityInStockDTO=11)
2024-11-14 19:17:04 INFO  a.k.o.controller.StoreController - Creating product ProductDTO(productIdDTO=null, nameDTO=Продукт F, descriptionDTO=Описание продукта F, priceDTO=1222.75, quantityInStockDTO=11)
2024-11-14 19:17:04 INFO  a.k.orders.service.ProductService - Create product: ProductDTO(productIdDTO=null, nameDTO=Продукт F, descriptionDTO=Описание продукта F, priceDTO=1222.75, quantityInStockDTO=11)
2024-11-14 19:17:05 INFO  a.k.o.controller.StoreController - Creating product ProductDTO(productIdDTO=null, nameDTO=Продукт F, descriptionDTO=Описание продукта F, priceDTO=1222.75, quantityInStockDTO=11)
2024-11-14 19:17:05 INFO  a.k.orders.service.ProductService - Create product: ProductDTO(productIdDTO=null, nameDTO=Продукт F, descriptionDTO=Описание продукта F, priceDTO=1222.75, quantityInStockDTO=11)
2024-11-14 19:17:07 INFO  a.k.o.controller.StoreController - Creating order OrderDTO(orderIdDTO=null, shippingAddressDTO=123 Main St, Anytown, USA, totalPriceDTO=null, orderStatusDTO=Processing, productsDTO=[ProductDTO(productIdDTO=1, nameDTO=null, descriptionDTO=null, priceDTO=null, quantityInStockDTO=null), ProductDTO(productIdDTO=2, nameDTO=null, descriptionDTO=null, priceDTO=null, quantityInStockDTO=null), ProductDTO(productIdDTO=3, nameDTO=null, descriptionDTO=null, priceDTO=null, quantityInStockDTO=null), ProductDTO(productIdDTO=4, nameDTO=null, descriptionDTO=null, priceDTO=null, quantityInStockDTO=null)], customerDTO=CustomerDTO(customerIdDTO=null, firstNameDTO=John, lastNameDTO=Doe, emailDTO=john.doe@example.com, phoneDTO=+1234567890), paymentStatusDTO=false, customerId=null)
2024-11-14 19:17:07 INFO  a.k.orders.service.OrderService - Order created: Order(customer=Customer(customerId=1, firstName=John, lastName=Doe, email=john.doe@example.com, phone=+1234567890), orderId=null, orderDate=null, shippingAddress=123 Main St, Anytown, USA, totalPrice=4891.00, orderStatus=Processing, paymentStatus=false, products=[Product(order=null, productId=1, name=Продукт F, description=Описание продукта F, price=1222.75, quantityInStock=11), Product(order=null, productId=2, name=Продукт F, description=Описание продукта F, price=1222.75, quantityInStock=11), Product(order=null, productId=3, name=Продукт F, description=Описание продукта F, price=1222.75, quantityInStock=11), Product(order=null, productId=4, name=Продукт F, description=Описание продукта F, price=1222.75, quantityInStock=11)])
2024-11-14 19:17:10 INFO  a.k.orders.kafka.KafkaProducer - Order #1 sent to kafka topic
2024-11-14 19:18:24 INFO  a.k.orders.OnlineStoreApplication - Starting OnlineStoreApplication using Java 17.0.11 with PID 17348 (D:\javaProjects\KafkaProject\Orders\target\classes started by Andrey in D:\javaProjects\KafkaProject\Orders)
2024-11-14 19:18:24 INFO  a.k.orders.OnlineStoreApplication - No active profile set, falling back to 1 default profile: "default"
2024-11-14 19:18:28 INFO  a.k.orders.OnlineStoreApplication - Started OnlineStoreApplication in 4.466 seconds (process running for 5.161)
2024-11-14 19:18:37 INFO  a.k.o.controller.StoreController - Creating product ProductDTO(productIdDTO=null, nameDTO=Продукт F, descriptionDTO=Описание продукта F, priceDTO=1222.75, quantityInStockDTO=11)
2024-11-14 19:18:37 INFO  a.k.orders.service.ProductService - Create product: ProductDTO(productIdDTO=null, nameDTO=Продукт F, descriptionDTO=Описание продукта F, priceDTO=1222.75, quantityInStockDTO=11)
2024-11-14 19:18:38 INFO  a.k.o.controller.StoreController - Creating product ProductDTO(productIdDTO=null, nameDTO=Продукт F, descriptionDTO=Описание продукта F, priceDTO=1222.75, quantityInStockDTO=11)
2024-11-14 19:18:38 INFO  a.k.orders.service.ProductService - Create product: ProductDTO(productIdDTO=null, nameDTO=Продукт F, descriptionDTO=Описание продукта F, priceDTO=1222.75, quantityInStockDTO=11)
2024-11-14 19:18:38 INFO  a.k.o.controller.StoreController - Creating product ProductDTO(productIdDTO=null, nameDTO=Продукт F, descriptionDTO=Описание продукта F, priceDTO=1222.75, quantityInStockDTO=11)
2024-11-14 19:18:38 INFO  a.k.orders.service.ProductService - Create product: ProductDTO(productIdDTO=null, nameDTO=Продукт F, descriptionDTO=Описание продукта F, priceDTO=1222.75, quantityInStockDTO=11)
2024-11-14 19:18:39 INFO  a.k.o.controller.StoreController - Creating product ProductDTO(productIdDTO=null, nameDTO=Продукт F, descriptionDTO=Описание продукта F, priceDTO=1222.75, quantityInStockDTO=11)
2024-11-14 19:18:39 INFO  a.k.orders.service.ProductService - Create product: ProductDTO(productIdDTO=null, nameDTO=Продукт F, descriptionDTO=Описание продукта F, priceDTO=1222.75, quantityInStockDTO=11)
2024-11-14 19:18:41 INFO  a.k.o.controller.StoreController - Creating order OrderDTO(orderIdDTO=null, shippingAddressDTO=123 Main St, Anytown, USA, totalPriceDTO=null, orderStatusDTO=Processing, productsDTO=[ProductDTO(productIdDTO=1, nameDTO=null, descriptionDTO=null, priceDTO=null, quantityInStockDTO=null), ProductDTO(productIdDTO=2, nameDTO=null, descriptionDTO=null, priceDTO=null, quantityInStockDTO=null), ProductDTO(productIdDTO=3, nameDTO=null, descriptionDTO=null, priceDTO=null, quantityInStockDTO=null), ProductDTO(productIdDTO=4, nameDTO=null, descriptionDTO=null, priceDTO=null, quantityInStockDTO=null)], customerDTO=CustomerDTO(customerIdDTO=null, firstNameDTO=John, lastNameDTO=Doe, emailDTO=john.doe@example.com, phoneDTO=+1234567890), paymentStatusDTO=false, customerId=null)
2024-11-14 19:18:41 INFO  a.k.orders.service.OrderService - Order created: Order(customer=Customer(customerId=1, firstName=John, lastName=Doe, email=john.doe@example.com, phone=+1234567890), orderId=null, orderDate=null, shippingAddress=123 Main St, Anytown, USA, totalPrice=4891.00, orderStatus=Processing, paymentStatus=false, products=[Product(order=null, productId=1, name=Продукт F, description=Описание продукта F, price=1222.75, quantityInStock=11), Product(order=null, productId=2, name=Продукт F, description=Описание продукта F, price=1222.75, quantityInStock=11), Product(order=null, productId=3, name=Продукт F, description=Описание продукта F, price=1222.75, quantityInStock=11), Product(order=null, productId=4, name=Продукт F, description=Описание продукта F, price=1222.75, quantityInStock=11)])
2024-11-14 19:18:45 INFO  a.k.orders.kafka.KafkaProducer - Order #1 sent to kafka topic
2024-11-14 19:21:54 INFO  a.k.orders.OnlineStoreApplication - Starting OnlineStoreApplication using Java 17.0.11 with PID 1172 (D:\javaProjects\KafkaProject\Orders\target\classes started by Andrey in D:\javaProjects\KafkaProject\Orders)
2024-11-14 19:21:54 INFO  a.k.orders.OnlineStoreApplication - No active profile set, falling back to 1 default profile: "default"
2024-11-14 19:21:57 INFO  a.k.orders.OnlineStoreApplication - Started OnlineStoreApplication in 3.876 seconds (process running for 4.352)
2024-11-14 19:22:06 INFO  a.k.o.controller.StoreController - Creating product ProductDTO(productIdDTO=null, nameDTO=Продукт F, descriptionDTO=Описание продукта F, priceDTO=1222.75, quantityInStockDTO=11)
2024-11-14 19:22:06 INFO  a.k.orders.service.ProductService - Create product: ProductDTO(productIdDTO=null, nameDTO=Продукт F, descriptionDTO=Описание продукта F, priceDTO=1222.75, quantityInStockDTO=11)
2024-11-14 19:22:06 INFO  a.k.o.controller.StoreController - Creating product ProductDTO(productIdDTO=null, nameDTO=Продукт F, descriptionDTO=Описание продукта F, priceDTO=1222.75, quantityInStockDTO=11)
2024-11-14 19:22:06 INFO  a.k.orders.service.ProductService - Create product: ProductDTO(productIdDTO=null, nameDTO=Продукт F, descriptionDTO=Описание продукта F, priceDTO=1222.75, quantityInStockDTO=11)
2024-11-14 19:22:07 INFO  a.k.o.controller.StoreController - Creating product ProductDTO(productIdDTO=null, nameDTO=Продукт F, descriptionDTO=Описание продукта F, priceDTO=1222.75, quantityInStockDTO=11)
2024-11-14 19:22:07 INFO  a.k.orders.service.ProductService - Create product: ProductDTO(productIdDTO=null, nameDTO=Продукт F, descriptionDTO=Описание продукта F, priceDTO=1222.75, quantityInStockDTO=11)
2024-11-14 19:22:08 INFO  a.k.o.controller.StoreController - Creating product ProductDTO(productIdDTO=null, nameDTO=Продукт F, descriptionDTO=Описание продукта F, priceDTO=1222.75, quantityInStockDTO=11)
2024-11-14 19:22:08 INFO  a.k.orders.service.ProductService - Create product: ProductDTO(productIdDTO=null, nameDTO=Продукт F, descriptionDTO=Описание продукта F, priceDTO=1222.75, quantityInStockDTO=11)
2024-11-14 19:22:10 INFO  a.k.o.controller.StoreController - Creating order OrderDTO(orderIdDTO=null, shippingAddressDTO=123 Main St, Anytown, USA, totalPriceDTO=null, orderStatusDTO=Processing, productsDTO=[ProductDTO(productIdDTO=1, nameDTO=null, descriptionDTO=null, priceDTO=null, quantityInStockDTO=null), ProductDTO(productIdDTO=2, nameDTO=null, descriptionDTO=null, priceDTO=null, quantityInStockDTO=null), ProductDTO(productIdDTO=3, nameDTO=null, descriptionDTO=null, priceDTO=null, quantityInStockDTO=null), ProductDTO(productIdDTO=4, nameDTO=null, descriptionDTO=null, priceDTO=null, quantityInStockDTO=null)], customerDTO=CustomerDTO(customerIdDTO=null, firstNameDTO=John, lastNameDTO=Doe, emailDTO=john.doe@example.com, phoneDTO=+1234567890), paymentStatusDTO=false, customerId=null)
2024-11-14 19:22:10 INFO  a.k.orders.service.OrderService - Order created: Order(customer=Customer(customerId=1, firstName=John, lastName=Doe, email=john.doe@example.com, phone=+1234567890), orderId=null, orderDate=null, shippingAddress=123 Main St, Anytown, USA, totalPrice=4891.00, orderStatus=Processing, paymentStatus=false, products=[Product(order=null, productId=1, name=Продукт F, description=Описание продукта F, price=1222.75, quantityInStock=11), Product(order=null, productId=2, name=Продукт F, description=Описание продукта F, price=1222.75, quantityInStock=11), Product(order=null, productId=3, name=Продукт F, description=Описание продукта F, price=1222.75, quantityInStock=11), Product(order=null, productId=4, name=Продукт F, description=Описание продукта F, price=1222.75, quantityInStock=11)])
2024-11-14 19:22:12 INFO  a.k.orders.kafka.KafkaProducer - Order #1 sent to kafka topic
2024-11-14 19:27:35 INFO  a.k.orders.OnlineStoreApplication - Starting OnlineStoreApplication using Java 17.0.11 with PID 3860 (D:\javaProjects\KafkaProject\Orders\target\classes started by Andrey in D:\javaProjects\KafkaProject\Orders)
2024-11-14 19:27:35 INFO  a.k.orders.OnlineStoreApplication - No active profile set, falling back to 1 default profile: "default"
2024-11-14 19:27:41 INFO  a.k.orders.OnlineStoreApplication - Started OnlineStoreApplication in 5.991 seconds (process running for 6.539)
2024-11-14 19:27:48 INFO  a.k.o.controller.StoreController - Creating product ProductDTO(productIdDTO=null, nameDTO=Продукт F, descriptionDTO=Описание продукта F, priceDTO=1222.75, quantityInStockDTO=11)
2024-11-14 19:27:48 INFO  a.k.orders.service.ProductService - Create product: ProductDTO(productIdDTO=null, nameDTO=Продукт F, descriptionDTO=Описание продукта F, priceDTO=1222.75, quantityInStockDTO=11)
2024-11-14 19:27:49 INFO  a.k.o.controller.StoreController - Creating product ProductDTO(productIdDTO=null, nameDTO=Продукт F, descriptionDTO=Описание продукта F, priceDTO=1222.75, quantityInStockDTO=11)
2024-11-14 19:27:49 INFO  a.k.orders.service.ProductService - Create product: ProductDTO(productIdDTO=null, nameDTO=Продукт F, descriptionDTO=Описание продукта F, priceDTO=1222.75, quantityInStockDTO=11)
2024-11-14 19:27:50 INFO  a.k.o.controller.StoreController - Creating product ProductDTO(productIdDTO=null, nameDTO=Продукт F, descriptionDTO=Описание продукта F, priceDTO=1222.75, quantityInStockDTO=11)
2024-11-14 19:27:50 INFO  a.k.orders.service.ProductService - Create product: ProductDTO(productIdDTO=null, nameDTO=Продукт F, descriptionDTO=Описание продукта F, priceDTO=1222.75, quantityInStockDTO=11)
2024-11-14 19:27:50 INFO  a.k.o.controller.StoreController - Creating product ProductDTO(productIdDTO=null, nameDTO=Продукт F, descriptionDTO=Описание продукта F, priceDTO=1222.75, quantityInStockDTO=11)
2024-11-14 19:27:50 INFO  a.k.orders.service.ProductService - Create product: ProductDTO(productIdDTO=null, nameDTO=Продукт F, descriptionDTO=Описание продукта F, priceDTO=1222.75, quantityInStockDTO=11)
2024-11-14 19:27:52 INFO  a.k.o.controller.StoreController - Creating order OrderDTO(orderIdDTO=null, shippingAddressDTO=123 Main St, Anytown, USA, totalPriceDTO=null, orderStatusDTO=Processing, productsDTO=[ProductDTO(productIdDTO=1, nameDTO=null, descriptionDTO=null, priceDTO=null, quantityInStockDTO=null), ProductDTO(productIdDTO=2, nameDTO=null, descriptionDTO=null, priceDTO=null, quantityInStockDTO=null), ProductDTO(productIdDTO=3, nameDTO=null, descriptionDTO=null, priceDTO=null, quantityInStockDTO=null), ProductDTO(productIdDTO=4, nameDTO=null, descriptionDTO=null, priceDTO=null, quantityInStockDTO=null)], customerDTO=CustomerDTO(customerIdDTO=null, firstNameDTO=John, lastNameDTO=Doe, emailDTO=john.doe@example.com, phoneDTO=+1234567890), paymentStatusDTO=false, customerId=null)
2024-11-14 19:27:52 INFO  a.k.orders.service.OrderService - Order created: Order(customer=Customer(customerId=1, firstName=John, lastName=Doe, email=john.doe@example.com, phone=+1234567890), orderId=null, orderDate=null, shippingAddress=123 Main St, Anytown, USA, totalPrice=4891.00, orderStatus=Processing, paymentStatus=false, products=[Product(order=null, productId=1, name=Продукт F, description=Описание продукта F, price=1222.75, quantityInStock=11), Product(order=null, productId=2, name=Продукт F, description=Описание продукта F, price=1222.75, quantityInStock=11), Product(order=null, productId=3, name=Продукт F, description=Описание продукта F, price=1222.75, quantityInStock=11), Product(order=null, productId=4, name=Продукт F, description=Описание продукта F, price=1222.75, quantityInStock=11)])
2024-11-14 19:27:55 INFO  a.k.orders.kafka.KafkaProducer - Order #1 sent to kafka topic
2024-11-14 19:28:25 INFO  a.k.orders.OnlineStoreApplication - Starting OnlineStoreApplication using Java 17.0.11 with PID 1964 (D:\javaProjects\KafkaProject\Orders\target\classes started by Andrey in D:\javaProjects\KafkaProject\Orders)
2024-11-14 19:28:25 INFO  a.k.orders.OnlineStoreApplication - No active profile set, falling back to 1 default profile: "default"
2024-11-14 19:28:28 INFO  a.k.orders.OnlineStoreApplication - Started OnlineStoreApplication in 3.863 seconds (process running for 4.365)
2024-11-14 19:28:43 INFO  a.k.o.controller.StoreController - Creating product ProductDTO(productIdDTO=null, nameDTO=Продукт F, descriptionDTO=Описание продукта F, priceDTO=1222.75, quantityInStockDTO=11)
2024-11-14 19:28:43 INFO  a.k.orders.service.ProductService - Create product: ProductDTO(productIdDTO=null, nameDTO=Продукт F, descriptionDTO=Описание продукта F, priceDTO=1222.75, quantityInStockDTO=11)
2024-11-14 19:28:44 INFO  a.k.o.controller.StoreController - Creating product ProductDTO(productIdDTO=null, nameDTO=Продукт F, descriptionDTO=Описание продукта F, priceDTO=1222.75, quantityInStockDTO=11)
2024-11-14 19:28:44 INFO  a.k.orders.service.ProductService - Create product: ProductDTO(productIdDTO=null, nameDTO=Продукт F, descriptionDTO=Описание продукта F, priceDTO=1222.75, quantityInStockDTO=11)
2024-11-14 19:28:45 INFO  a.k.o.controller.StoreController - Creating product ProductDTO(productIdDTO=null, nameDTO=Продукт F, descriptionDTO=Описание продукта F, priceDTO=1222.75, quantityInStockDTO=11)
2024-11-14 19:28:45 INFO  a.k.orders.service.ProductService - Create product: ProductDTO(productIdDTO=null, nameDTO=Продукт F, descriptionDTO=Описание продукта F, priceDTO=1222.75, quantityInStockDTO=11)
2024-11-14 19:28:45 INFO  a.k.o.controller.StoreController - Creating product ProductDTO(productIdDTO=null, nameDTO=Продукт F, descriptionDTO=Описание продукта F, priceDTO=1222.75, quantityInStockDTO=11)
2024-11-14 19:28:45 INFO  a.k.orders.service.ProductService - Create product: ProductDTO(productIdDTO=null, nameDTO=Продукт F, descriptionDTO=Описание продукта F, priceDTO=1222.75, quantityInStockDTO=11)
2024-11-14 19:28:47 INFO  a.k.o.controller.StoreController - Creating order OrderDTO(orderIdDTO=null, shippingAddressDTO=123 Main St, Anytown, USA, totalPriceDTO=null, orderStatusDTO=Processing, productsDTO=[ProductDTO(productIdDTO=1, nameDTO=null, descriptionDTO=null, priceDTO=null, quantityInStockDTO=null), ProductDTO(productIdDTO=2, nameDTO=null, descriptionDTO=null, priceDTO=null, quantityInStockDTO=null), ProductDTO(productIdDTO=3, nameDTO=null, descriptionDTO=null, priceDTO=null, quantityInStockDTO=null), ProductDTO(productIdDTO=4, nameDTO=null, descriptionDTO=null, priceDTO=null, quantityInStockDTO=null)], customerDTO=CustomerDTO(customerIdDTO=null, firstNameDTO=John, lastNameDTO=Doe, emailDTO=john.doe@example.com, phoneDTO=+1234567890), paymentStatusDTO=false, customerId=null)
2024-11-14 19:28:47 INFO  a.k.orders.service.OrderService - Order created: Order(customer=Customer(customerId=1, firstName=John, lastName=Doe, email=john.doe@example.com, phone=+1234567890), orderId=null, orderDate=null, shippingAddress=123 Main St, Anytown, USA, totalPrice=4891.00, orderStatus=Processing, paymentStatus=false, products=[Product(order=null, productId=1, name=Продукт F, description=Описание продукта F, price=1222.75, quantityInStock=11), Product(order=null, productId=2, name=Продукт F, description=Описание продукта F, price=1222.75, quantityInStock=11), Product(order=null, productId=3, name=Продукт F, description=Описание продукта F, price=1222.75, quantityInStock=11), Product(order=null, productId=4, name=Продукт F, description=Описание продукта F, price=1222.75, quantityInStock=11)])
2024-11-14 19:28:49 ERROR a.k.orders.kafka.KafkaProducer - Error while sending order: Invalid value null for configuration value.serializer: must be non-null.
2024-11-14 19:28:49 ERROR a.k.o.e.GlobalExceptionHandler - Invalid value null for configuration value.serializer: must be non-null.
2024-11-14 19:29:21 INFO  a.k.orders.OnlineStoreApplication - Starting OnlineStoreApplication using Java 17.0.11 with PID 14700 (D:\javaProjects\KafkaProject\Orders\target\classes started by Andrey in D:\javaProjects\KafkaProject\Orders)
2024-11-14 19:29:21 INFO  a.k.orders.OnlineStoreApplication - No active profile set, falling back to 1 default profile: "default"
2024-11-14 19:29:42 INFO  a.k.orders.OnlineStoreApplication - Starting OnlineStoreApplication using Java 17.0.11 with PID 15940 (D:\javaProjects\KafkaProject\Orders\target\classes started by Andrey in D:\javaProjects\KafkaProject\Orders)
2024-11-14 19:29:42 INFO  a.k.orders.OnlineStoreApplication - No active profile set, falling back to 1 default profile: "default"
2024-11-14 19:29:46 INFO  a.k.orders.OnlineStoreApplication - Started OnlineStoreApplication in 3.967 seconds (process running for 4.462)
2024-11-14 19:29:55 INFO  a.k.o.controller.StoreController - Creating product ProductDTO(productIdDTO=null, nameDTO=Продукт F, descriptionDTO=Описание продукта F, priceDTO=1222.75, quantityInStockDTO=11)
2024-11-14 19:29:55 INFO  a.k.orders.service.ProductService - Create product: ProductDTO(productIdDTO=null, nameDTO=Продукт F, descriptionDTO=Описание продукта F, priceDTO=1222.75, quantityInStockDTO=11)
2024-11-14 19:29:56 INFO  a.k.o.controller.StoreController - Creating product ProductDTO(productIdDTO=null, nameDTO=Продукт F, descriptionDTO=Описание продукта F, priceDTO=1222.75, quantityInStockDTO=11)
2024-11-14 19:29:56 INFO  a.k.orders.service.ProductService - Create product: ProductDTO(productIdDTO=null, nameDTO=Продукт F, descriptionDTO=Описание продукта F, priceDTO=1222.75, quantityInStockDTO=11)
2024-11-14 19:29:56 INFO  a.k.o.controller.StoreController - Creating product ProductDTO(productIdDTO=null, nameDTO=Продукт F, descriptionDTO=Описание продукта F, priceDTO=1222.75, quantityInStockDTO=11)
2024-11-14 19:29:56 INFO  a.k.orders.service.ProductService - Create product: ProductDTO(productIdDTO=null, nameDTO=Продукт F, descriptionDTO=Описание продукта F, priceDTO=1222.75, quantityInStockDTO=11)
2024-11-14 19:29:57 INFO  a.k.o.controller.StoreController - Creating product ProductDTO(productIdDTO=null, nameDTO=Продукт F, descriptionDTO=Описание продукта F, priceDTO=1222.75, quantityInStockDTO=11)
2024-11-14 19:29:57 INFO  a.k.orders.service.ProductService - Create product: ProductDTO(productIdDTO=null, nameDTO=Продукт F, descriptionDTO=Описание продукта F, priceDTO=1222.75, quantityInStockDTO=11)
2024-11-14 19:29:59 INFO  a.k.o.controller.StoreController - Creating order OrderDTO(orderIdDTO=null, shippingAddressDTO=123 Main St, Anytown, USA, totalPriceDTO=null, orderStatusDTO=Processing, productsDTO=[ProductDTO(productIdDTO=1, nameDTO=null, descriptionDTO=null, priceDTO=null, quantityInStockDTO=null), ProductDTO(productIdDTO=2, nameDTO=null, descriptionDTO=null, priceDTO=null, quantityInStockDTO=null), ProductDTO(productIdDTO=3, nameDTO=null, descriptionDTO=null, priceDTO=null, quantityInStockDTO=null), ProductDTO(productIdDTO=4, nameDTO=null, descriptionDTO=null, priceDTO=null, quantityInStockDTO=null)], customerDTO=CustomerDTO(customerIdDTO=null, firstNameDTO=John, lastNameDTO=Doe, emailDTO=john.doe@example.com, phoneDTO=+1234567890), paymentStatusDTO=false, customerId=null)
2024-11-14 19:29:59 INFO  a.k.orders.service.OrderService - Order created: Order(customer=Customer(customerId=1, firstName=John, lastName=Doe, email=john.doe@example.com, phone=+1234567890), orderId=null, orderDate=null, shippingAddress=123 Main St, Anytown, USA, totalPrice=4891.00, orderStatus=Processing, paymentStatus=false, products=[Product(order=null, productId=1, name=Продукт F, description=Описание продукта F, price=1222.75, quantityInStock=11), Product(order=null, productId=2, name=Продукт F, description=Описание продукта F, price=1222.75, quantityInStock=11), Product(order=null, productId=3, name=Продукт F, description=Описание продукта F, price=1222.75, quantityInStock=11), Product(order=null, productId=4, name=Продукт F, description=Описание продукта F, price=1222.75, quantityInStock=11)])
2024-11-14 19:30:02 INFO  a.k.orders.kafka.KafkaProducer - Order #1 sent to kafka topic
2024-11-14 19:45:58 INFO  a.k.orders.OnlineStoreApplication - Starting OnlineStoreApplication using Java 17.0.11 with PID 15308 (D:\javaProjects\KafkaProject\Orders\target\classes started by Andrey in D:\javaProjects\KafkaProject\Orders)
2024-11-14 19:45:58 INFO  a.k.orders.OnlineStoreApplication - No active profile set, falling back to 1 default profile: "default"
2024-11-14 19:46:02 INFO  a.k.orders.OnlineStoreApplication - Started OnlineStoreApplication in 4.008 seconds (process running for 4.507)
2024-11-14 19:46:18 INFO  a.k.o.controller.StoreController - Creating product ProductDTO(productIdDTO=null, nameDTO=Продукт F, descriptionDTO=Описание продукта F, priceDTO=1222.75, quantityInStockDTO=11)
2024-11-14 19:46:18 INFO  a.k.orders.service.ProductService - Create product: ProductDTO(productIdDTO=null, nameDTO=Продукт F, descriptionDTO=Описание продукта F, priceDTO=1222.75, quantityInStockDTO=11)
2024-11-14 19:46:19 INFO  a.k.o.controller.StoreController - Creating product ProductDTO(productIdDTO=null, nameDTO=Продукт F, descriptionDTO=Описание продукта F, priceDTO=1222.75, quantityInStockDTO=11)
2024-11-14 19:46:19 INFO  a.k.orders.service.ProductService - Create product: ProductDTO(productIdDTO=null, nameDTO=Продукт F, descriptionDTO=Описание продукта F, priceDTO=1222.75, quantityInStockDTO=11)
2024-11-14 19:46:19 INFO  a.k.o.controller.StoreController - Creating product ProductDTO(productIdDTO=null, nameDTO=Продукт F, descriptionDTO=Описание продукта F, priceDTO=1222.75, quantityInStockDTO=11)
2024-11-14 19:46:19 INFO  a.k.orders.service.ProductService - Create product: ProductDTO(productIdDTO=null, nameDTO=Продукт F, descriptionDTO=Описание продукта F, priceDTO=1222.75, quantityInStockDTO=11)
2024-11-14 19:46:20 INFO  a.k.o.controller.StoreController - Creating product ProductDTO(productIdDTO=null, nameDTO=Продукт F, descriptionDTO=Описание продукта F, priceDTO=1222.75, quantityInStockDTO=11)
2024-11-14 19:46:20 INFO  a.k.orders.service.ProductService - Create product: ProductDTO(productIdDTO=null, nameDTO=Продукт F, descriptionDTO=Описание продукта F, priceDTO=1222.75, quantityInStockDTO=11)
2024-11-14 19:46:22 INFO  a.k.o.controller.StoreController - Creating order OrderDTO(orderIdDTO=null, shippingAddressDTO=123 Main St, Anytown, USA, totalPriceDTO=null, orderStatusDTO=Processing, productsDTO=[ProductDTO(productIdDTO=1, nameDTO=null, descriptionDTO=null, priceDTO=null, quantityInStockDTO=null), ProductDTO(productIdDTO=2, nameDTO=null, descriptionDTO=null, priceDTO=null, quantityInStockDTO=null), ProductDTO(productIdDTO=3, nameDTO=null, descriptionDTO=null, priceDTO=null, quantityInStockDTO=null), ProductDTO(productIdDTO=4, nameDTO=null, descriptionDTO=null, priceDTO=null, quantityInStockDTO=null)], customerDTO=CustomerDTO(customerIdDTO=null, firstNameDTO=John, lastNameDTO=Doe, emailDTO=john.doe@example.com, phoneDTO=+1234567890), paymentStatusDTO=false, customerId=null)
2024-11-14 19:46:22 INFO  a.k.orders.service.OrderService - Order created: Order(customer=Customer(customerId=1, firstName=John, lastName=Doe, email=john.doe@example.com, phone=+1234567890), orderId=null, orderDate=null, shippingAddress=123 Main St, Anytown, USA, totalPrice=4891.00, orderStatus=Processing, paymentStatus=false, products=[Product(order=null, productId=1, name=Продукт F, description=Описание продукта F, price=1222.75, quantityInStock=11), Product(order=null, productId=2, name=Продукт F, description=Описание продукта F, price=1222.75, quantityInStock=11), Product(order=null, productId=3, name=Продукт F, description=Описание продукта F, price=1222.75, quantityInStock=11), Product(order=null, productId=4, name=Продукт F, description=Описание продукта F, price=1222.75, quantityInStock=11)])
2024-11-14 19:46:24 INFO  a.k.orders.kafka.KafkaProducer - Order #1 sent to kafka topic
